mode: set
github.com/taikochain/taiko-mono/packages/relayer/event.go:25.38,27.2 1 0
github.com/taikochain/taiko-mono/packages/relayer/types.go:18.47,19.22 1 0
github.com/taikochain/taiko-mono/packages/relayer/types.go:25.2,25.14 1 0
github.com/taikochain/taiko-mono/packages/relayer/types.go:19.22,20.13 1 0
github.com/taikochain/taiko-mono/packages/relayer/types.go:20.13,22.4 1 0
github.com/taikochain/taiko-mono/packages/relayer/types.go:35.104,39.6 3 0
github.com/taikochain/taiko-mono/packages/relayer/types.go:39.6,40.10 1 0
github.com/taikochain/taiko-mono/packages/relayer/types.go:41.21,42.25 1 0
github.com/taikochain/taiko-mono/packages/relayer/types.go:43.19,45.18 2 0
github.com/taikochain/taiko-mono/packages/relayer/types.go:49.4,49.55 1 0
github.com/taikochain/taiko-mono/packages/relayer/types.go:53.4,53.23 1 0
github.com/taikochain/taiko-mono/packages/relayer/types.go:45.18,46.13 1 0
github.com/taikochain/taiko-mono/packages/relayer/types.go:49.55,51.5 1 0
github.com/taikochain/taiko-mono/packages/relayer/types.go:60.114,64.6 3 0
github.com/taikochain/taiko-mono/packages/relayer/types.go:64.6,65.10 1 0
github.com/taikochain/taiko-mono/packages/relayer/types.go:66.21,67.20 1 0
github.com/taikochain/taiko-mono/packages/relayer/types.go:68.19,70.18 2 0
github.com/taikochain/taiko-mono/packages/relayer/types.go:78.4,79.18 2 0
github.com/taikochain/taiko-mono/packages/relayer/types.go:83.4,83.59 1 0
github.com/taikochain/taiko-mono/packages/relayer/types.go:87.4,87.14 1 0
github.com/taikochain/taiko-mono/packages/relayer/types.go:70.18,71.33 1 0
github.com/taikochain/taiko-mono/packages/relayer/types.go:75.5,75.15 1 0
github.com/taikochain/taiko-mono/packages/relayer/types.go:71.33,72.14 1 0
github.com/taikochain/taiko-mono/packages/relayer/types.go:79.18,81.5 1 0
github.com/taikochain/taiko-mono/packages/relayer/types.go:83.59,84.13 1 0
github.com/taikochain/taiko-mono/packages/relayer/event.go:25.38,27.2 1 0
github.com/taikochain/taiko-mono/packages/relayer/types.go:18.47,19.22 1 0
github.com/taikochain/taiko-mono/packages/relayer/types.go:25.2,25.14 1 0
github.com/taikochain/taiko-mono/packages/relayer/types.go:19.22,20.13 1 0
github.com/taikochain/taiko-mono/packages/relayer/types.go:20.13,22.4 1 0
github.com/taikochain/taiko-mono/packages/relayer/types.go:35.104,39.6 3 0
github.com/taikochain/taiko-mono/packages/relayer/types.go:39.6,40.10 1 0
github.com/taikochain/taiko-mono/packages/relayer/types.go:41.21,42.25 1 0
github.com/taikochain/taiko-mono/packages/relayer/types.go:43.19,45.18 2 0
github.com/taikochain/taiko-mono/packages/relayer/types.go:49.4,49.55 1 0
github.com/taikochain/taiko-mono/packages/relayer/types.go:53.4,53.23 1 0
github.com/taikochain/taiko-mono/packages/relayer/types.go:45.18,46.13 1 0
github.com/taikochain/taiko-mono/packages/relayer/types.go:49.55,51.5 1 0
github.com/taikochain/taiko-mono/packages/relayer/types.go:60.114,64.6 3 0
github.com/taikochain/taiko-mono/packages/relayer/types.go:64.6,65.10 1 0
github.com/taikochain/taiko-mono/packages/relayer/types.go:66.21,67.20 1 0
github.com/taikochain/taiko-mono/packages/relayer/types.go:68.19,70.18 2 0
github.com/taikochain/taiko-mono/packages/relayer/types.go:78.4,79.18 2 0
github.com/taikochain/taiko-mono/packages/relayer/types.go:83.4,83.59 1 0
github.com/taikochain/taiko-mono/packages/relayer/types.go:87.4,87.14 1 0
github.com/taikochain/taiko-mono/packages/relayer/types.go:70.18,71.33 1 0
github.com/taikochain/taiko-mono/packages/relayer/types.go:75.5,75.15 1 0
github.com/taikochain/taiko-mono/packages/relayer/types.go:71.33,72.14 1 0
github.com/taikochain/taiko-mono/packages/relayer/types.go:79.18,81.5 1 0
github.com/taikochain/taiko-mono/packages/relayer/types.go:83.59,84.13 1 0
github.com/taikochain/taiko-mono/packages/relayer/event.go:25.38,27.2 1 0
github.com/taikochain/taiko-mono/packages/relayer/types.go:18.47,19.22 1 0
github.com/taikochain/taiko-mono/packages/relayer/types.go:25.2,25.14 1 0
github.com/taikochain/taiko-mono/packages/relayer/types.go:19.22,20.13 1 0
github.com/taikochain/taiko-mono/packages/relayer/types.go:20.13,22.4 1 0
github.com/taikochain/taiko-mono/packages/relayer/types.go:35.104,39.6 3 0
github.com/taikochain/taiko-mono/packages/relayer/types.go:39.6,40.10 1 0
github.com/taikochain/taiko-mono/packages/relayer/types.go:41.21,42.25 1 0
github.com/taikochain/taiko-mono/packages/relayer/types.go:43.19,45.18 2 0
github.com/taikochain/taiko-mono/packages/relayer/types.go:49.4,49.55 1 0
github.com/taikochain/taiko-mono/packages/relayer/types.go:53.4,53.23 1 0
github.com/taikochain/taiko-mono/packages/relayer/types.go:45.18,46.13 1 0
github.com/taikochain/taiko-mono/packages/relayer/types.go:49.55,51.5 1 0
github.com/taikochain/taiko-mono/packages/relayer/types.go:60.114,64.6 3 0
github.com/taikochain/taiko-mono/packages/relayer/types.go:64.6,65.10 1 0
github.com/taikochain/taiko-mono/packages/relayer/types.go:66.21,67.20 1 0
github.com/taikochain/taiko-mono/packages/relayer/types.go:68.19,70.18 2 0
github.com/taikochain/taiko-mono/packages/relayer/types.go:78.4,79.18 2 0
github.com/taikochain/taiko-mono/packages/relayer/types.go:83.4,83.59 1 0
github.com/taikochain/taiko-mono/packages/relayer/types.go:87.4,87.14 1 0
github.com/taikochain/taiko-mono/packages/relayer/types.go:70.18,71.33 1 0
github.com/taikochain/taiko-mono/packages/relayer/types.go:75.5,75.15 1 0
github.com/taikochain/taiko-mono/packages/relayer/types.go:71.33,72.14 1 0
github.com/taikochain/taiko-mono/packages/relayer/types.go:79.18,81.5 1 0
github.com/taikochain/taiko-mono/packages/relayer/types.go:83.59,84.13 1 0
github.com/taikochain/taiko-mono/packages/relayer/event.go:25.38,27.2 1 0
github.com/taikochain/taiko-mono/packages/relayer/types.go:18.47,19.22 1 0
github.com/taikochain/taiko-mono/packages/relayer/types.go:25.2,25.14 1 0
github.com/taikochain/taiko-mono/packages/relayer/types.go:19.22,20.13 1 0
github.com/taikochain/taiko-mono/packages/relayer/types.go:20.13,22.4 1 0
github.com/taikochain/taiko-mono/packages/relayer/types.go:35.104,39.6 3 0
github.com/taikochain/taiko-mono/packages/relayer/types.go:39.6,40.10 1 0
github.com/taikochain/taiko-mono/packages/relayer/types.go:41.21,42.25 1 0
github.com/taikochain/taiko-mono/packages/relayer/types.go:43.19,45.18 2 0
github.com/taikochain/taiko-mono/packages/relayer/types.go:49.4,49.55 1 0
github.com/taikochain/taiko-mono/packages/relayer/types.go:53.4,53.23 1 0
github.com/taikochain/taiko-mono/packages/relayer/types.go:45.18,46.13 1 0
github.com/taikochain/taiko-mono/packages/relayer/types.go:49.55,51.5 1 0
github.com/taikochain/taiko-mono/packages/relayer/types.go:60.114,64.6 3 0
github.com/taikochain/taiko-mono/packages/relayer/types.go:64.6,65.10 1 0
github.com/taikochain/taiko-mono/packages/relayer/types.go:66.21,67.20 1 0
github.com/taikochain/taiko-mono/packages/relayer/types.go:68.19,70.18 2 0
github.com/taikochain/taiko-mono/packages/relayer/types.go:78.4,79.18 2 0
github.com/taikochain/taiko-mono/packages/relayer/types.go:83.4,83.59 1 0
github.com/taikochain/taiko-mono/packages/relayer/types.go:87.4,87.14 1 0
github.com/taikochain/taiko-mono/packages/relayer/types.go:70.18,71.33 1 0
github.com/taikochain/taiko-mono/packages/relayer/types.go:75.5,75.15 1 0
github.com/taikochain/taiko-mono/packages/relayer/types.go:71.33,72.14 1 0
github.com/taikochain/taiko-mono/packages/relayer/types.go:79.18,81.5 1 0
github.com/taikochain/taiko-mono/packages/relayer/types.go:83.59,84.13 1 0
github.com/taikochain/taiko-mono/packages/relayer/event.go:25.38,27.2 1 0
github.com/taikochain/taiko-mono/packages/relayer/types.go:18.47,19.22 1 0
github.com/taikochain/taiko-mono/packages/relayer/types.go:25.2,25.14 1 0
github.com/taikochain/taiko-mono/packages/relayer/types.go:19.22,20.13 1 0
github.com/taikochain/taiko-mono/packages/relayer/types.go:20.13,22.4 1 0
github.com/taikochain/taiko-mono/packages/relayer/types.go:35.104,39.6 3 0
github.com/taikochain/taiko-mono/packages/relayer/types.go:39.6,40.10 1 0
github.com/taikochain/taiko-mono/packages/relayer/types.go:41.21,42.25 1 0
github.com/taikochain/taiko-mono/packages/relayer/types.go:43.19,45.18 2 0
github.com/taikochain/taiko-mono/packages/relayer/types.go:49.4,49.55 1 0
github.com/taikochain/taiko-mono/packages/relayer/types.go:53.4,53.23 1 0
github.com/taikochain/taiko-mono/packages/relayer/types.go:45.18,46.13 1 0
github.com/taikochain/taiko-mono/packages/relayer/types.go:49.55,51.5 1 0
github.com/taikochain/taiko-mono/packages/relayer/types.go:60.114,64.6 3 0
github.com/taikochain/taiko-mono/packages/relayer/types.go:64.6,65.10 1 0
github.com/taikochain/taiko-mono/packages/relayer/types.go:66.21,67.20 1 0
github.com/taikochain/taiko-mono/packages/relayer/types.go:68.19,70.18 2 0
github.com/taikochain/taiko-mono/packages/relayer/types.go:78.4,79.18 2 0
github.com/taikochain/taiko-mono/packages/relayer/types.go:83.4,83.59 1 0
github.com/taikochain/taiko-mono/packages/relayer/types.go:87.4,87.14 1 0
github.com/taikochain/taiko-mono/packages/relayer/types.go:70.18,71.33 1 0
github.com/taikochain/taiko-mono/packages/relayer/types.go:75.5,75.15 1 0
github.com/taikochain/taiko-mono/packages/relayer/types.go:71.33,72.14 1 0
github.com/taikochain/taiko-mono/packages/relayer/types.go:79.18,81.5 1 0
github.com/taikochain/taiko-mono/packages/relayer/types.go:83.59,84.13 1 0
github.com/taikochain/taiko-mono/packages/relayer/types.go:18.47,19.22 1 0
github.com/taikochain/taiko-mono/packages/relayer/types.go:25.2,25.14 1 0
github.com/taikochain/taiko-mono/packages/relayer/types.go:19.22,20.13 1 0
github.com/taikochain/taiko-mono/packages/relayer/types.go:20.13,22.4 1 0
github.com/taikochain/taiko-mono/packages/relayer/types.go:35.104,39.6 3 0
github.com/taikochain/taiko-mono/packages/relayer/types.go:39.6,40.10 1 0
github.com/taikochain/taiko-mono/packages/relayer/types.go:41.21,42.25 1 0
github.com/taikochain/taiko-mono/packages/relayer/types.go:43.19,45.18 2 0
github.com/taikochain/taiko-mono/packages/relayer/types.go:49.4,49.55 1 0
github.com/taikochain/taiko-mono/packages/relayer/types.go:53.4,53.23 1 0
github.com/taikochain/taiko-mono/packages/relayer/types.go:45.18,46.13 1 0
github.com/taikochain/taiko-mono/packages/relayer/types.go:49.55,51.5 1 0
github.com/taikochain/taiko-mono/packages/relayer/types.go:60.114,64.6 3 0
github.com/taikochain/taiko-mono/packages/relayer/types.go:64.6,65.10 1 0
github.com/taikochain/taiko-mono/packages/relayer/types.go:66.21,67.20 1 0
github.com/taikochain/taiko-mono/packages/relayer/types.go:68.19,70.18 2 0
github.com/taikochain/taiko-mono/packages/relayer/types.go:78.4,79.18 2 0
github.com/taikochain/taiko-mono/packages/relayer/types.go:83.4,83.59 1 0
github.com/taikochain/taiko-mono/packages/relayer/types.go:87.4,87.14 1 0
github.com/taikochain/taiko-mono/packages/relayer/types.go:70.18,71.33 1 0
github.com/taikochain/taiko-mono/packages/relayer/types.go:75.5,75.15 1 0
github.com/taikochain/taiko-mono/packages/relayer/types.go:71.33,72.14 1 0
github.com/taikochain/taiko-mono/packages/relayer/types.go:79.18,81.5 1 0
github.com/taikochain/taiko-mono/packages/relayer/types.go:83.59,84.13 1 0
github.com/taikochain/taiko-mono/packages/relayer/event.go:25.38,27.2 1 0
